#-----------------------------------------------------------
# Vivado v2024.1.1 (64-bit)
# SW Build 5094488 on Fri Jun 14 08:57:50 MDT 2024
# IP Build 5091682 on Fri Jun 14 16:55:04 MDT 2024
# SharedData Build 5094118 on Fri Jun 14 01:09:43 MDT 2024
# Start of session at: Fri Aug 30 10:06:28 2024
# Process ID: 3846487
# Current directory: /home/philip/philzook58.github.io/_drafts
# Command line: vivado -mode batch -source /tmp/build.tcl
# Log file: /home/philip/philzook58.github.io/_drafts/vivado.log
# Journal file: /home/philip/philzook58.github.io/_drafts/vivado.jou
# Running On        :philip-ThinkPad-Z13-Gen-2
# Platform          :Ubuntu
# Operating System  :Ubuntu 22.04.4 LTS
# Processor Detail  :AMD Ryzen 7 PRO 7840U w/ Radeon 780M Graphics
# CPU Frequency     :4391.149 MHz
# CPU Physical cores:8
# CPU Logical cores :16
# Host memory       :66042 MB
# Swap memory       :2147 MB
# Total Virtual     :68190 MB
# Available Virtual :34289 MB
#-----------------------------------------------------------
source /tmp/build.tcl
# set part_name "xc7a35tcpg236-1"
# read_verilog "src/counter.v"
ERROR: [Common 17-69] Command failed: File '/home/philip/philzook58.github.io/_drafts/src/counter.v' does not exist
INFO: [Common 17-206] Exiting Vivado at Fri Aug 30 10:06:34 2024...
