#-----------------------------------------------------------
# Vivado v2024.1.1 (64-bit)
# SW Build 5094488 on Fri Jun 14 08:57:50 MDT 2024
# IP Build 5091682 on Fri Jun 14 16:55:04 MDT 2024
# SharedData Build 5094118 on Fri Jun 14 01:09:43 MDT 2024
# Start of session at: Fri Aug 30 10:06:48 2024
# Process ID: 3847149
# Current directory: /home/philip/philzook58.github.io/_drafts
# Command line: vivado -mode batch -source /tmp/build.tcl
# Log file: /home/philip/philzook58.github.io/_drafts/vivado.log
# Journal file: /home/philip/philzook58.github.io/_drafts/vivado.jou
# Running On        :philip-ThinkPad-Z13-Gen-2
# Platform          :Ubuntu
# Operating System  :Ubuntu 22.04.4 LTS
# Processor Detail  :AMD Ryzen 7 PRO 7840U w/ Radeon 780M Graphics
# CPU Frequency     :400.000 MHz
# CPU Physical cores:8
# CPU Logical cores :16
# Host memory       :66042 MB
# Swap memory       :2147 MB
# Total Virtual     :68190 MB
# Available Virtual :34303 MB
#-----------------------------------------------------------
source /tmp/build.tcl
# set part_name "xc7a35tcpg236-1"
# read_verilog "/tmp/counter.v"
# synth_design -top counter -part $part_name
Command: synth_design -top counter -part xc7a35tcpg236-1
Starting synth_design
Attempting to get a license for feature 'Synthesis' and/or device 'xc7a35t'
INFO: [Common 17-349] Got license for feature 'Synthesis' and/or device 'xc7a35t'
INFO: [Synth 8-7079] Multithreading enabled for synth_design using a maximum of 4 processes.
INFO: [Synth 8-7078] Launching helper process for spawning children vivado processes
INFO: [Synth 8-7075] Helper process launched with PID 3847396
---------------------------------------------------------------------------------
Starting Synthesize : Time (s): cpu = 00:00:02 ; elapsed = 00:00:03 . Memory (MB): peak = 1790.066 ; gain = 373.742 ; free physical = 617 ; free virtual = 31829
---------------------------------------------------------------------------------
INFO: [Synth 8-6157] synthesizing module 'counter' [/tmp/counter.v:1]
INFO: [Synth 8-6155] done synthesizing module 'counter' (0#1) [/tmp/counter.v:1]
---------------------------------------------------------------------------------
Finished Synthesize : Time (s): cpu = 00:00:03 ; elapsed = 00:00:04 . Memory (MB): peak = 1866.035 ; gain = 449.711 ; free physical = 753 ; free virtual = 31762
---------------------------------------------------------------------------------
---------------------------------------------------------------------------------
Finished Constraint Validation : Time (s): cpu = 00:00:04 ; elapsed = 00:00:04 . Memory (MB): peak = 1880.879 ; gain = 464.555 ; free physical = 769 ; free virtual = 31775
---------------------------------------------------------------------------------
---------------------------------------------------------------------------------
Start Loading Part and Timing Information
---------------------------------------------------------------------------------
Loading part: xc7a35tcpg236-1
INFO: [Device 21-403] Loading part xc7a35tcpg236-1
---------------------------------------------------------------------------------
Finished Loading Part and Timing Information : Time (s): cpu = 00:00:04 ; elapsed = 00:00:04 . Memory (MB): peak = 1888.883 ; gain = 472.559 ; free physical = 769 ; free virtual = 31775
---------------------------------------------------------------------------------
---------------------------------------------------------------------------------
Finished RTL Optimization Phase 2 : Time (s): cpu = 00:00:04 ; elapsed = 00:00:04 . Memory (MB): peak = 1897.789 ; gain = 481.465 ; free physical = 762 ; free virtual = 31769
---------------------------------------------------------------------------------
No constraint files found.
---------------------------------------------------------------------------------
Start RTL Component Statistics 
---------------------------------------------------------------------------------
Detailed RTL Component Info : 
+---Adders : 
	   2 Input    4 Bit       Adders := 1     
+---Registers : 
	                4 Bit    Registers := 1     
---------------------------------------------------------------------------------
Finished RTL Component Statistics 
---------------------------------------------------------------------------------
---------------------------------------------------------------------------------
Start Part Resource Summary
---------------------------------------------------------------------------------
INFO: [Device 21-9227] Part: xc7a35tcpg236-1 does not have CEAM library.
Part Resources:
DSPs: 90 (col length:60)
BRAMs: 100 (col length: RAMB18 60 RAMB36 30)
---------------------------------------------------------------------------------
Finished Part Resource Summary
---------------------------------------------------------------------------------
No constraint files found.
---------------------------------------------------------------------------------
Start Cross Boundary and Area Optimization
---------------------------------------------------------------------------------
WARNING: [Synth 8-7080] Parallel synthesis criteria is not met
---------------------------------------------------------------------------------
Finished Cross Boundary and Area Optimization : Time (s): cpu = 00:00:06 ; elapsed = 00:00:07 . Memory (MB): peak = 2007.320 ; gain = 590.996 ; free physical = 612 ; free virtual = 31631
---------------------------------------------------------------------------------
No constraint files found.
---------------------------------------------------------------------------------
Start Timing Optimization
---------------------------------------------------------------------------------
---------------------------------------------------------------------------------
Finished Timing Optimization : Time (s): cpu = 00:00:06 ; elapsed = 00:00:07 . Memory (MB): peak = 2007.320 ; gain = 590.996 ; free physical = 610 ; free virtual = 31629
---------------------------------------------------------------------------------
---------------------------------------------------------------------------------
Start Technology Mapping
---------------------------------------------------------------------------------
---------------------------------------------------------------------------------
Finished Technology Mapping : Time (s): cpu = 00:00:06 ; elapsed = 00:00:07 . Memory (MB): peak = 2007.320 ; gain = 590.996 ; free physical = 608 ; free virtual = 31627
---------------------------------------------------------------------------------
---------------------------------------------------------------------------------
Start IO Insertion
---------------------------------------------------------------------------------
---------------------------------------------------------------------------------
Start Flattening Before IO Insertion
---------------------------------------------------------------------------------
---------------------------------------------------------------------------------
Finished Flattening Before IO Insertion
---------------------------------------------------------------------------------
---------------------------------------------------------------------------------
Start Final Netlist Cleanup
---------------------------------------------------------------------------------
---------------------------------------------------------------------------------
Finished Final Netlist Cleanup
---------------------------------------------------------------------------------
---------------------------------------------------------------------------------
Finished IO Insertion : Time (s): cpu = 00:00:09 ; elapsed = 00:00:09 . Memory (MB): peak = 2010.289 ; gain = 593.965 ; free physical = 872 ; free virtual = 31696
---------------------------------------------------------------------------------
---------------------------------------------------------------------------------
Start Renaming Generated Instances
---------------------------------------------------------------------------------
---------------------------------------------------------------------------------
Finished Renaming Generated Instances : Time (s): cpu = 00:00:09 ; elapsed = 00:00:09 . Memory (MB): peak = 2010.289 ; gain = 593.965 ; free physical = 872 ; free virtual = 31696
---------------------------------------------------------------------------------
---------------------------------------------------------------------------------
Start Rebuilding User Hierarchy
---------------------------------------------------------------------------------
---------------------------------------------------------------------------------
Finished Rebuilding User Hierarchy : Time (s): cpu = 00:00:09 ; elapsed = 00:00:09 . Memory (MB): peak = 2010.289 ; gain = 593.965 ; free physical = 872 ; free virtual = 31696
---------------------------------------------------------------------------------
---------------------------------------------------------------------------------
Start Renaming Generated Ports
---------------------------------------------------------------------------------
---------------------------------------------------------------------------------
Finished Renaming Generated Ports : Time (s): cpu = 00:00:09 ; elapsed = 00:00:09 . Memory (MB): peak = 2010.289 ; gain = 593.965 ; free physical = 872 ; free virtual = 31696
---------------------------------------------------------------------------------
---------------------------------------------------------------------------------
Start Handling Custom Attributes
---------------------------------------------------------------------------------
---------------------------------------------------------------------------------
Finished Handling Custom Attributes : Time (s): cpu = 00:00:09 ; elapsed = 00:00:09 . Memory (MB): peak = 2010.289 ; gain = 593.965 ; free physical = 872 ; free virtual = 31696
---------------------------------------------------------------------------------
---------------------------------------------------------------------------------
Start Renaming Generated Nets
---------------------------------------------------------------------------------
---------------------------------------------------------------------------------
Finished Renaming Generated Nets : Time (s): cpu = 00:00:09 ; elapsed = 00:00:09 . Memory (MB): peak = 2010.289 ; gain = 593.965 ; free physical = 872 ; free virtual = 31696
---------------------------------------------------------------------------------
---------------------------------------------------------------------------------
Start Writing Synthesis Report
---------------------------------------------------------------------------------

Report BlackBoxes: 
+-+--------------+----------+
| |BlackBox name |Instances |
+-+--------------+----------+
+-+--------------+----------+

Report Cell Usage: 
+------+-----+------+
|      |Cell |Count |
+------+-----+------+
|1     |BUFG |     1|
|2     |LUT1 |     1|
|3     |LUT2 |     1|
|4     |LUT3 |     1|
|5     |LUT4 |     1|
|6     |FDCE |     4|
|7     |IBUF |     2|
|8     |OBUF |     4|
+------+-----+------+

Report Instance Areas: 
+------+---------+-------+------+
|      |Instance |Module |Cells |
+------+---------+-------+------+
|1     |top      |       |    15|
+------+---------+-------+------+
---------------------------------------------------------------------------------
Finished Writing Synthesis Report : Time (s): cpu = 00:00:09 ; elapsed = 00:00:09 . Memory (MB): peak = 2010.289 ; gain = 593.965 ; free physical = 872 ; free virtual = 31696
---------------------------------------------------------------------------------
Synthesis finished with 0 errors, 0 critical warnings and 1 warnings.
Synthesis Optimization Runtime : Time (s): cpu = 00:00:09 ; elapsed = 00:00:09 . Memory (MB): peak = 2010.289 ; gain = 593.965 ; free physical = 871 ; free virtual = 31694
Synthesis Optimization Complete : Time (s): cpu = 00:00:09 ; elapsed = 00:00:09 . Memory (MB): peak = 2010.297 ; gain = 593.965 ; free physical = 871 ; free virtual = 31694
INFO: [Project 1-571] Translating synthesized netlist
Netlist sorting complete. Time (s): cpu = 00:00:00 ; elapsed = 00:00:00 . Memory (MB): peak = 2022.195 ; gain = 0.000 ; free physical = 1160 ; free virtual = 31982
INFO: [Project 1-570] Preparing netlist for logic optimization
INFO: [Opt 31-138] Pushed 0 inverter(s) to 0 load pin(s).
Netlist sorting complete. Time (s): cpu = 00:00:00 ; elapsed = 00:00:00 . Memory (MB): peak = 2157.879 ; gain = 0.000 ; free physical = 1080 ; free virtual = 31905
INFO: [Project 1-111] Unisim Transformation Summary:
No Unisim elements were transformed.

Synth Design complete | Checksum: f56ed242
INFO: [Common 17-83] Releasing license: Synthesis
13 Infos, 1 Warnings, 0 Critical Warnings and 0 Errors encountered.
synth_design completed successfully
synth_design: Time (s): cpu = 00:00:12 ; elapsed = 00:00:11 . Memory (MB): peak = 2157.879 ; gain = 741.559 ; free physical = 1079 ; free virtual = 31905
INFO: [Common 17-2834] synth_design peak Physical Memory [PSS] (MB): overall = 1320.669; main = 1320.669; forked = 0.000
INFO: [Common 17-2834] synth_design peak Virtual Memory [VSS] (MB): overall = 2157.883; main = 2157.883; forked = 0.000
# opt_design
Command: opt_design
Attempting to get a license for feature 'Implementation' and/or device 'xc7a35t'
INFO: [Common 17-349] Got license for feature 'Implementation' and/or device 'xc7a35t'
Running DRC as a precondition to command opt_design

Starting DRC Task
INFO: [DRC 23-27] Running DRC with 8 threads
INFO: [Project 1-461] DRC finished with 0 Errors
INFO: [Project 1-462] Please refer to the DRC report (report_drc) for more information.

Time (s): cpu = 00:00:00.79 ; elapsed = 00:00:00.5 . Memory (MB): peak = 2221.910 ; gain = 64.031 ; free physical = 1067 ; free virtual = 31890

Starting Cache Timing Information Task
INFO: [Timing 38-35] Done setting XDC timing constraints.
Ending Cache Timing Information Task | Checksum: 2581e9a9e

Time (s): cpu = 00:00:03 ; elapsed = 00:00:03 . Memory (MB): peak = 2453.832 ; gain = 231.922 ; free physical = 902 ; free virtual = 31741

Starting Logic Optimization Task

Phase 1 Initialization

Phase 1.1 Core Generation And Design Setup
Phase 1.1 Core Generation And Design Setup | Checksum: 2581e9a9e

Time (s): cpu = 00:00:00 ; elapsed = 00:00:00.01 . Memory (MB): peak = 2707.801 ; gain = 0.000 ; free physical = 611 ; free virtual = 31450

Phase 1.2 Setup Constraints And Sort Netlist
Phase 1.2 Setup Constraints And Sort Netlist | Checksum: 2581e9a9e

Time (s): cpu = 00:00:00 ; elapsed = 00:00:00.01 . Memory (MB): peak = 2707.801 ; gain = 0.000 ; free physical = 611 ; free virtual = 31450
Phase 1 Initialization | Checksum: 2581e9a9e

Time (s): cpu = 00:00:00 ; elapsed = 00:00:00.01 . Memory (MB): peak = 2707.801 ; gain = 0.000 ; free physical = 611 ; free virtual = 31450

Phase 2 Timer Update And Timing Data Collection

Phase 2.1 Timer Update
Phase 2.1 Timer Update | Checksum: 2581e9a9e

Time (s): cpu = 00:00:00 ; elapsed = 00:00:00.01 . Memory (MB): peak = 2707.801 ; gain = 0.000 ; free physical = 611 ; free virtual = 31451

Phase 2.2 Timing Data Collection
Phase 2.2 Timing Data Collection | Checksum: 2581e9a9e

Time (s): cpu = 00:00:00 ; elapsed = 00:00:00.01 . Memory (MB): peak = 2707.801 ; gain = 0.000 ; free physical = 611 ; free virtual = 31451
Phase 2 Timer Update And Timing Data Collection | Checksum: 2581e9a9e

Time (s): cpu = 00:00:00 ; elapsed = 00:00:00.01 . Memory (MB): peak = 2707.801 ; gain = 0.000 ; free physical = 611 ; free virtual = 31451

Phase 3 Retarget
INFO: [Opt 31-1834] Total Chains To Be Transformed Were: 0 AND Number of Transformed insts Created are: 0
INFO: [Opt 31-138] Pushed 0 inverter(s) to 0 load pin(s).
INFO: [Opt 31-49] Retargeted 0 cell(s).
Phase 3 Retarget | Checksum: 2581e9a9e

Time (s): cpu = 00:00:00.01 ; elapsed = 00:00:00.02 . Memory (MB): peak = 2707.801 ; gain = 0.000 ; free physical = 611 ; free virtual = 31451
Retarget | Checksum: 2581e9a9e
INFO: [Opt 31-389] Phase Retarget created 0 cells and removed 0 cells

Phase 4 Constant propagation
INFO: [Opt 31-138] Pushed 0 inverter(s) to 0 load pin(s).
Phase 4 Constant propagation | Checksum: 2581e9a9e

Time (s): cpu = 00:00:00.01 ; elapsed = 00:00:00.02 . Memory (MB): peak = 2707.801 ; gain = 0.000 ; free physical = 611 ; free virtual = 31451
Constant propagation | Checksum: 2581e9a9e
INFO: [Opt 31-389] Phase Constant propagation created 0 cells and removed 0 cells

Phase 5 Sweep
Phase 5 Sweep | Checksum: 2581e9a9e

Time (s): cpu = 00:00:00.01 ; elapsed = 00:00:00.02 . Memory (MB): peak = 2707.801 ; gain = 0.000 ; free physical = 611 ; free virtual = 31450
Sweep | Checksum: 2581e9a9e
INFO: [Opt 31-389] Phase Sweep created 0 cells and removed 0 cells

Phase 6 BUFG optimization
Phase 6 BUFG optimization | Checksum: 2581e9a9e

Time (s): cpu = 00:00:00.01 ; elapsed = 00:00:00.03 . Memory (MB): peak = 2739.816 ; gain = 32.016 ; free physical = 611 ; free virtual = 31450
BUFG optimization | Checksum: 2581e9a9e
INFO: [Opt 31-662] Phase BUFG optimization created 0 cells of which 0 are BUFGs and removed 0 cells.

Phase 7 Shift Register Optimization
INFO: [Opt 31-1064] SRL Remap converted 0 SRLs to 0 registers and converted 0 registers of register chains to 0 SRLs
Phase 7 Shift Register Optimization | Checksum: 2581e9a9e

Time (s): cpu = 00:00:00.01 ; elapsed = 00:00:00.03 . Memory (MB): peak = 2739.816 ; gain = 32.016 ; free physical = 611 ; free virtual = 31450
Shift Register Optimization | Checksum: 2581e9a9e
INFO: [Opt 31-389] Phase Shift Register Optimization created 0 cells and removed 0 cells

Phase 8 Post Processing Netlist
Phase 8 Post Processing Netlist | Checksum: 2581e9a9e

Time (s): cpu = 00:00:00.01 ; elapsed = 00:00:00.03 . Memory (MB): peak = 2739.816 ; gain = 32.016 ; free physical = 611 ; free virtual = 31450
Post Processing Netlist | Checksum: 2581e9a9e
INFO: [Opt 31-389] Phase Post Processing Netlist created 0 cells and removed 0 cells

Phase 9 Finalization

Phase 9.1 Finalizing Design Cores and Updating Shapes
Phase 9.1 Finalizing Design Cores and Updating Shapes | Checksum: 2581e9a9e

Time (s): cpu = 00:00:00.01 ; elapsed = 00:00:00.03 . Memory (MB): peak = 2739.816 ; gain = 32.016 ; free physical = 611 ; free virtual = 31450

Phase 9.2 Verifying Netlist Connectivity

Starting Connectivity Check Task

Time (s): cpu = 00:00:00 ; elapsed = 00:00:00 . Memory (MB): peak = 2739.816 ; gain = 0.000 ; free physical = 611 ; free virtual = 31450
Phase 9.2 Verifying Netlist Connectivity | Checksum: 2581e9a9e

Time (s): cpu = 00:00:00.01 ; elapsed = 00:00:00.03 . Memory (MB): peak = 2739.816 ; gain = 32.016 ; free physical = 611 ; free virtual = 31450
Phase 9 Finalization | Checksum: 2581e9a9e

Time (s): cpu = 00:00:00.01 ; elapsed = 00:00:00.03 . Memory (MB): peak = 2739.816 ; gain = 32.016 ; free physical = 611 ; free virtual = 31450
Opt_design Change Summary
=========================


-------------------------------------------------------------------------------------------------------------------------
|  Phase                        |  #Cells created  |  #Cells Removed  |  #Constrained objects preventing optimizations  |
-------------------------------------------------------------------------------------------------------------------------
|  Retarget                     |               0  |               0  |                                              0  |
|  Constant propagation         |               0  |               0  |                                              0  |
|  Sweep                        |               0  |               0  |                                              0  |
|  BUFG optimization            |               0  |               0  |                                              0  |
|  Shift Register Optimization  |               0  |               0  |                                              0  |
|  Post Processing Netlist      |               0  |               0  |                                              0  |
-------------------------------------------------------------------------------------------------------------------------


Ending Logic Optimization Task | Checksum: 2581e9a9e

Time (s): cpu = 00:00:00.01 ; elapsed = 00:00:00.03 . Memory (MB): peak = 2739.816 ; gain = 32.016 ; free physical = 611 ; free virtual = 31450

Starting Power Optimization Task
INFO: [Pwropt 34-132] Skipping clock gating for clocks with a period < 2.00 ns.
Ending Power Optimization Task | Checksum: 2581e9a9e

Time (s): cpu = 00:00:00 ; elapsed = 00:00:00 . Memory (MB): peak = 2739.816 ; gain = 0.000 ; free physical = 611 ; free virtual = 31450

Starting Final Cleanup Task
Ending Final Cleanup Task | Checksum: 2581e9a9e

Time (s): cpu = 00:00:00 ; elapsed = 00:00:00 . Memory (MB): peak = 2739.816 ; gain = 0.000 ; free physical = 611 ; free virtual = 31450

Starting Netlist Obfuscation Task
Netlist sorting complete. Time (s): cpu = 00:00:00 ; elapsed = 00:00:00 . Memory (MB): peak = 2739.816 ; gain = 0.000 ; free physical = 611 ; free virtual = 31450
Ending Netlist Obfuscation Task | Checksum: 2581e9a9e

Time (s): cpu = 00:00:00 ; elapsed = 00:00:00 . Memory (MB): peak = 2739.816 ; gain = 0.000 ; free physical = 611 ; free virtual = 31450
INFO: [Common 17-83] Releasing license: Implementation
18 Infos, 0 Warnings, 0 Critical Warnings and 0 Errors encountered.
opt_design completed successfully
opt_design: Time (s): cpu = 00:00:06 ; elapsed = 00:00:06 . Memory (MB): peak = 2739.816 ; gain = 581.938 ; free physical = 611 ; free virtual = 31450
# place_design
Command: place_design
Attempting to get a license for feature 'Implementation' and/or device 'xc7a35t'
INFO: [Common 17-349] Got license for feature 'Implementation' and/or device 'xc7a35t'
INFO: [Common 17-83] Releasing license: Implementation
INFO: [DRC 23-27] Running DRC with 8 threads
INFO: [Vivado_Tcl 4-198] DRC finished with 0 Errors
INFO: [Vivado_Tcl 4-199] Please refer to the DRC report (report_drc) for more information.
Running DRC as a precondition to command place_design
INFO: [DRC 23-27] Running DRC with 8 threads
INFO: [Vivado_Tcl 4-198] DRC finished with 0 Errors
INFO: [Vivado_Tcl 4-199] Please refer to the DRC report (report_drc) for more information.
INFO: [Place 30-611] Multithreading enabled for place_design using a maximum of 8 CPUs

Starting Placer Task

Phase 1 Placer Initialization

Phase 1.1 Placer Initialization Netlist Sorting
Netlist sorting complete. Time (s): cpu = 00:00:00 ; elapsed = 00:00:00.01 . Memory (MB): peak = 2771.832 ; gain = 0.000 ; free physical = 614 ; free virtual = 31452
Phase 1.1 Placer Initialization Netlist Sorting | Checksum: 162afc85c

Time (s): cpu = 00:00:00 ; elapsed = 00:00:00.01 . Memory (MB): peak = 2771.832 ; gain = 0.000 ; free physical = 614 ; free virtual = 31452
Netlist sorting complete. Time (s): cpu = 00:00:00 ; elapsed = 00:00:00 . Memory (MB): peak = 2771.832 ; gain = 0.000 ; free physical = 614 ; free virtual = 31452

Phase 1.2 IO Placement/ Clock Placement/ Build Placer Device
INFO: [Timing 38-35] Done setting XDC timing constraints.
Phase 1.2 IO Placement/ Clock Placement/ Build Placer Device | Checksum: 1836d32f4

Time (s): cpu = 00:00:00.21 ; elapsed = 00:00:00.08 . Memory (MB): peak = 2771.832 ; gain = 0.000 ; free physical = 607 ; free virtual = 31448

Phase 1.3 Build Placer Netlist Model
Phase 1.3 Build Placer Netlist Model | Checksum: 23bef7628

Time (s): cpu = 00:00:00.25 ; elapsed = 00:00:00.1 . Memory (MB): peak = 2771.832 ; gain = 0.000 ; free physical = 606 ; free virtual = 31447

Phase 1.4 Constrain Clocks/Macros
Phase 1.4 Constrain Clocks/Macros | Checksum: 23bef7628

Time (s): cpu = 00:00:00.26 ; elapsed = 00:00:00.1 . Memory (MB): peak = 2771.832 ; gain = 0.000 ; free physical = 606 ; free virtual = 31447
Phase 1 Placer Initialization | Checksum: 23bef7628

Time (s): cpu = 00:00:00.26 ; elapsed = 00:00:00.1 . Memory (MB): peak = 2771.832 ; gain = 0.000 ; free physical = 606 ; free virtual = 31447

Phase 2 Global Placement

Phase 2.1 Floorplanning
Phase 2.1 Floorplanning | Checksum: 23bef7628

Time (s): cpu = 00:00:00.26 ; elapsed = 00:00:00.1 . Memory (MB): peak = 2771.832 ; gain = 0.000 ; free physical = 606 ; free virtual = 31446

Phase 2.2 Update Timing before SLR Path Opt
Phase 2.2 Update Timing before SLR Path Opt | Checksum: 23bef7628

Time (s): cpu = 00:00:00.26 ; elapsed = 00:00:00.1 . Memory (MB): peak = 2771.832 ; gain = 0.000 ; free physical = 606 ; free virtual = 31446

Phase 2.3 Post-Processing in Floorplanning
Phase 2.3 Post-Processing in Floorplanning | Checksum: 23bef7628

Time (s): cpu = 00:00:00.26 ; elapsed = 00:00:00.1 . Memory (MB): peak = 2771.832 ; gain = 0.000 ; free physical = 606 ; free virtual = 31446

Phase 2.4 Global Placement Core
WARNING: [Place 46-29] Timing had been disabled during Placer and, therefore, physical synthesis in Placer will be skipped.
Phase 2.4 Global Placement Core | Checksum: 21350e166

Time (s): cpu = 00:00:00.61 ; elapsed = 00:00:00.18 . Memory (MB): peak = 2771.832 ; gain = 0.000 ; free physical = 592 ; free virtual = 31433
Phase 2 Global Placement | Checksum: 21350e166

Time (s): cpu = 00:00:00.61 ; elapsed = 00:00:00.18 . Memory (MB): peak = 2771.832 ; gain = 0.000 ; free physical = 592 ; free virtual = 31433

Phase 3 Detail Placement

Phase 3.1 Commit Multi Column Macros
Phase 3.1 Commit Multi Column Macros | Checksum: 21350e166

Time (s): cpu = 00:00:00.62 ; elapsed = 00:00:00.18 . Memory (MB): peak = 2771.832 ; gain = 0.000 ; free physical = 592 ; free virtual = 31433

Phase 3.2 Commit Most Macros & LUTRAMs
Phase 3.2 Commit Most Macros & LUTRAMs | Checksum: 1c216eb8f

Time (s): cpu = 00:00:00.66 ; elapsed = 00:00:00.19 . Memory (MB): peak = 2771.832 ; gain = 0.000 ; free physical = 592 ; free virtual = 31433

Phase 3.3 Area Swap Optimization
Phase 3.3 Area Swap Optimization | Checksum: 1a1fa81af

Time (s): cpu = 00:00:00.66 ; elapsed = 00:00:00.19 . Memory (MB): peak = 2771.832 ; gain = 0.000 ; free physical = 592 ; free virtual = 31433

Phase 3.4 Pipeline Register Optimization
Phase 3.4 Pipeline Register Optimization | Checksum: 1a1fa81af

Time (s): cpu = 00:00:00.66 ; elapsed = 00:00:00.19 . Memory (MB): peak = 2771.832 ; gain = 0.000 ; free physical = 592 ; free virtual = 31433

Phase 3.5 Small Shape Detail Placement
Phase 3.5 Small Shape Detail Placement | Checksum: 1439ca526

Time (s): cpu = 00:00:01 ; elapsed = 00:00:00.38 . Memory (MB): peak = 2771.832 ; gain = 0.000 ; free physical = 594 ; free virtual = 31433

Phase 3.6 Re-assign LUT pins
Phase 3.6 Re-assign LUT pins | Checksum: 1439ca526

Time (s): cpu = 00:00:01 ; elapsed = 00:00:00.38 . Memory (MB): peak = 2771.832 ; gain = 0.000 ; free physical = 594 ; free virtual = 31433

Phase 3.7 Pipeline Register Optimization
Phase 3.7 Pipeline Register Optimization | Checksum: 1439ca526

Time (s): cpu = 00:00:01 ; elapsed = 00:00:00.38 . Memory (MB): peak = 2771.832 ; gain = 0.000 ; free physical = 594 ; free virtual = 31433
Phase 3 Detail Placement | Checksum: 1439ca526

Time (s): cpu = 00:00:01 ; elapsed = 00:00:00.38 . Memory (MB): peak = 2771.832 ; gain = 0.000 ; free physical = 594 ; free virtual = 31433

Phase 4 Post Placement Optimization and Clean-Up

Phase 4.1 Post Commit Optimization
Phase 4.1 Post Commit Optimization | Checksum: 1439ca526

Time (s): cpu = 00:00:01 ; elapsed = 00:00:00.39 . Memory (MB): peak = 2771.832 ; gain = 0.000 ; free physical = 593 ; free virtual = 31433

Phase 4.2 Post Placement Cleanup
Phase 4.2 Post Placement Cleanup | Checksum: 1439ca526

Time (s): cpu = 00:00:01 ; elapsed = 00:00:00.39 . Memory (MB): peak = 2771.832 ; gain = 0.000 ; free physical = 594 ; free virtual = 31434

Phase 4.3 Placer Reporting

Phase 4.3.1 Print Estimated Congestion
INFO: [Place 30-612] Post-Placement Estimated Congestion 
 ____________________________________________________
|           | Global Congestion | Short Congestion  |
| Direction | Region Size       | Region Size       |
|___________|___________________|___________________|
|      North|                1x1|                1x1|
|___________|___________________|___________________|
|      South|                1x1|                1x1|
|___________|___________________|___________________|
|       East|                1x1|                1x1|
|___________|___________________|___________________|
|       West|                1x1|                1x1|
|___________|___________________|___________________|

Phase 4.3.1 Print Estimated Congestion | Checksum: 1439ca526

Time (s): cpu = 00:00:01 ; elapsed = 00:00:00.4 . Memory (MB): peak = 2771.832 ; gain = 0.000 ; free physical = 594 ; free virtual = 31434
Phase 4.3 Placer Reporting | Checksum: 1439ca526

Time (s): cpu = 00:00:01 ; elapsed = 00:00:00.4 . Memory (MB): peak = 2771.832 ; gain = 0.000 ; free physical = 594 ; free virtual = 31434

Phase 4.4 Final Placement Cleanup
Netlist sorting complete. Time (s): cpu = 00:00:00 ; elapsed = 00:00:00 . Memory (MB): peak = 2771.832 ; gain = 0.000 ; free physical = 594 ; free virtual = 31434

Time (s): cpu = 00:00:01 ; elapsed = 00:00:00.4 . Memory (MB): peak = 2771.832 ; gain = 0.000 ; free physical = 594 ; free virtual = 31434
Phase 4 Post Placement Optimization and Clean-Up | Checksum: 11c792243

Time (s): cpu = 00:00:01 ; elapsed = 00:00:00.4 . Memory (MB): peak = 2771.832 ; gain = 0.000 ; free physical = 594 ; free virtual = 31434
Ending Placer Task | Checksum: c814d087

Time (s): cpu = 00:00:01 ; elapsed = 00:00:00.4 . Memory (MB): peak = 2771.832 ; gain = 0.000 ; free physical = 594 ; free virtual = 31434
11 Infos, 1 Warnings, 0 Critical Warnings and 0 Errors encountered.
place_design completed successfully
# route_design
Command: route_design
Attempting to get a license for feature 'Implementation' and/or device 'xc7a35t'
INFO: [Common 17-349] Got license for feature 'Implementation' and/or device 'xc7a35t'
Running DRC as a precondition to command route_design
INFO: [DRC 23-27] Running DRC with 8 threads
INFO: [Vivado_Tcl 4-198] DRC finished with 0 Errors
INFO: [Vivado_Tcl 4-199] Please refer to the DRC report (report_drc) for more information.


Starting Routing Task
INFO: [Route 35-254] Multithreading enabled for route_design using a maximum of 8 CPUs

Phase 1 Build RT Design
Checksum: PlaceDB: 22ff1d16 ConstDB: 0 ShapeSum: 494571a RouteDB: a0815c57
Post Restoration Checksum: NetGraph: 7356046a | NumContArr: f3252e55 | Constraints: c2a8fa9d | Timing: c2a8fa9d
Phase 1 Build RT Design | Checksum: 2ebcd27f9

Time (s): cpu = 00:00:09 ; elapsed = 00:00:07 . Memory (MB): peak = 2772.836 ; gain = 0.000 ; free physical = 805 ; free virtual = 31476

Phase 2 Router Initialization
INFO: [Route 35-64] No timing constraints were detected. The router will operate in resource-optimization mode.

Phase 2.1 Fix Topology Constraints
Phase 2.1 Fix Topology Constraints | Checksum: 2ebcd27f9

Time (s): cpu = 00:00:09 ; elapsed = 00:00:07 . Memory (MB): peak = 2772.836 ; gain = 0.000 ; free physical = 805 ; free virtual = 31476

Phase 2.2 Pre Route Cleanup
Phase 2.2 Pre Route Cleanup | Checksum: 2ebcd27f9

Time (s): cpu = 00:00:09 ; elapsed = 00:00:07 . Memory (MB): peak = 2772.836 ; gain = 0.000 ; free physical = 805 ; free virtual = 31476
 Number of Nodes with overlaps = 0

Router Utilization Summary
  Global Vertical Routing Utilization    = 0 %
  Global Horizontal Routing Utilization  = 0 %
  Routable Net Status*
  *Does not include unroutable nets such as driverless and loadless.
  Run report_route_status for detailed report.
  Number of Failed Nets               = 5
    (Failed Nets is the sum of unrouted and partially routed nets)
  Number of Unrouted Nets             = 5
  Number of Partially Routed Nets     = 0
  Number of Node Overlaps             = 0

Phase 2 Router Initialization | Checksum: 2d5920795

Time (s): cpu = 00:00:09 ; elapsed = 00:00:07 . Memory (MB): peak = 2772.836 ; gain = 0.000 ; free physical = 804 ; free virtual = 31475

Phase 3 Global Routing
Phase 3 Global Routing | Checksum: 2d5920795

Time (s): cpu = 00:00:09 ; elapsed = 00:00:07 . Memory (MB): peak = 2772.836 ; gain = 0.000 ; free physical = 804 ; free virtual = 31475

Phase 4 Initial Routing

Phase 4.1 Initial Net Routing Pass
Phase 4.1 Initial Net Routing Pass | Checksum: 26e513bc9

Time (s): cpu = 00:00:10 ; elapsed = 00:00:07 . Memory (MB): peak = 2772.836 ; gain = 0.000 ; free physical = 804 ; free virtual = 31475
Phase 4 Initial Routing | Checksum: 26e513bc9

Time (s): cpu = 00:00:10 ; elapsed = 00:00:07 . Memory (MB): peak = 2772.836 ; gain = 0.000 ; free physical = 804 ; free virtual = 31475

Phase 5 Rip-up And Reroute

Phase 5.1 Global Iteration 0
 Number of Nodes with overlaps = 0
Phase 5.1 Global Iteration 0 | Checksum: 28a11cfdc

Time (s): cpu = 00:00:10 ; elapsed = 00:00:07 . Memory (MB): peak = 2772.836 ; gain = 0.000 ; free physical = 804 ; free virtual = 31475
Phase 5 Rip-up And Reroute | Checksum: 28a11cfdc

Time (s): cpu = 00:00:10 ; elapsed = 00:00:07 . Memory (MB): peak = 2772.836 ; gain = 0.000 ; free physical = 804 ; free virtual = 31475

Phase 6 Delay and Skew Optimization
Phase 6 Delay and Skew Optimization | Checksum: 28a11cfdc

Time (s): cpu = 00:00:10 ; elapsed = 00:00:07 . Memory (MB): peak = 2772.836 ; gain = 0.000 ; free physical = 804 ; free virtual = 31475

Phase 7 Post Hold Fix

Phase 7.1 Hold Fix Iter
Phase 7.1 Hold Fix Iter | Checksum: 28a11cfdc

Time (s): cpu = 00:00:10 ; elapsed = 00:00:07 . Memory (MB): peak = 2772.836 ; gain = 0.000 ; free physical = 804 ; free virtual = 31475
Phase 7 Post Hold Fix | Checksum: 28a11cfdc

Time (s): cpu = 00:00:10 ; elapsed = 00:00:07 . Memory (MB): peak = 2772.836 ; gain = 0.000 ; free physical = 804 ; free virtual = 31475

Phase 8 Route finalize

Router Utilization Summary
  Global Vertical Routing Utilization    = 0.000797257 %
  Global Horizontal Routing Utilization  = 0.00156169 %
  Routable Net Status*
  *Does not include unroutable nets such as driverless and loadless.
  Run report_route_status for detailed report.
  Number of Failed Nets               = 0
    (Failed Nets is the sum of unrouted and partially routed nets)
  Number of Unrouted Nets             = 0
  Number of Partially Routed Nets     = 0
  Number of Node Overlaps             = 0


--GLOBAL Congestion:
Utilization threshold used for congestion level computation: 0.85
Congestion Report
North Dir 1x1 Area, Max Cong = 5.40541%, No Congested Regions.
South Dir 1x1 Area, Max Cong = 0.900901%, No Congested Regions.
East Dir 1x1 Area, Max Cong = 2.94118%, No Congested Regions.
West Dir 1x1 Area, Max Cong = 5.88235%, No Congested Regions.

------------------------------
Reporting congestion hotspots
------------------------------
Direction: North
----------------
Congested clusters found at Level 0
Effective congestion level: 0 Aspect Ratio: 1 Sparse Ratio: 0
Direction: South
----------------
Congested clusters found at Level 0
Effective congestion level: 0 Aspect Ratio: 1 Sparse Ratio: 0
Direction: East
----------------
Congested clusters found at Level 0
Effective congestion level: 0 Aspect Ratio: 1 Sparse Ratio: 0
Direction: West
----------------
Congested clusters found at Level 0
Effective congestion level: 0 Aspect Ratio: 1 Sparse Ratio: 0

Phase 8 Route finalize | Checksum: 28a11cfdc

Time (s): cpu = 00:00:10 ; elapsed = 00:00:08 . Memory (MB): peak = 2772.836 ; gain = 0.000 ; free physical = 804 ; free virtual = 31475

Phase 9 Verifying routed nets

 Verification completed successfully
Phase 9 Verifying routed nets | Checksum: 28a11cfdc

Time (s): cpu = 00:00:10 ; elapsed = 00:00:08 . Memory (MB): peak = 2772.836 ; gain = 0.000 ; free physical = 804 ; free virtual = 31475

Phase 10 Depositing Routes
Phase 10 Depositing Routes | Checksum: 27041a82a

Time (s): cpu = 00:00:10 ; elapsed = 00:00:08 . Memory (MB): peak = 2772.836 ; gain = 0.000 ; free physical = 804 ; free virtual = 31475

Phase 11 Post Process Routing
Phase 11 Post Process Routing | Checksum: 27041a82a

Time (s): cpu = 00:00:10 ; elapsed = 00:00:08 . Memory (MB): peak = 2772.836 ; gain = 0.000 ; free physical = 804 ; free virtual = 31475
Total Elapsed time in route_design: 7.5 secs

Phase 12 Post-Route Event Processing
Phase 12 Post-Route Event Processing | Checksum: 510a03b7

Time (s): cpu = 00:00:10 ; elapsed = 00:00:08 . Memory (MB): peak = 2772.836 ; gain = 0.000 ; free physical = 804 ; free virtual = 31475
INFO: [Route 35-16] Router Completed Successfully
Ending Routing Task | Checksum: 510a03b7

Time (s): cpu = 00:00:10 ; elapsed = 00:00:08 . Memory (MB): peak = 2772.836 ; gain = 0.000 ; free physical = 804 ; free virtual = 31475

Routing Is Done.
INFO: [Common 17-83] Releasing license: Implementation
8 Infos, 0 Warnings, 0 Critical Warnings and 0 Errors encountered.
route_design completed successfully
route_design: Time (s): cpu = 00:00:10 ; elapsed = 00:00:08 . Memory (MB): peak = 2772.836 ; gain = 1.004 ; free physical = 804 ; free virtual = 31475
INFO: [Common 17-206] Exiting Vivado at Fri Aug 30 10:07:20 2024...
